[2024-04-22 21:14:15] INFO  - Starting CookbookApplication using Java 21.0.2 with PID 12692 (D:\Projects\4sem\cookbook\target\classes started by daniqued in D:\Projects\4sem\cookbook)
[2024-04-22 21:14:15] INFO  - No active profile set, falling back to 1 default profile: "default"
[2024-04-22 21:14:17] INFO  - Bootstrapping Spring Data JPA repositories in DEFAULT mode.
[2024-04-22 21:14:17] INFO  - Finished Spring Data repository scanning in 86 ms. Found 3 JPA repository interfaces.
[2024-04-22 21:14:18] INFO  - Tomcat initialized with port 8080 (http)
[2024-04-22 21:14:18] INFO  - Starting service [Tomcat]
[2024-04-22 21:14:18] INFO  - Starting Servlet engine: [Apache Tomcat/10.1.19]
[2024-04-22 21:14:19] INFO  - Initializing Spring embedded WebApplicationContext
[2024-04-22 21:14:19] INFO  - Root WebApplicationContext: initialization completed in 3119 ms
[2024-04-22 21:14:19] INFO  - HikariPool-1 - Starting...
[2024-04-22 21:14:19] INFO  - HikariPool-1 - Added connection org.postgresql.jdbc.PgConnection@7d59e968
[2024-04-22 21:14:19] INFO  - HikariPool-1 - Start completed.
[2024-04-22 21:14:19] INFO  - HHH000204: Processing PersistenceUnitInfo [name: default]
[2024-04-22 21:14:19] INFO  - HHH000412: Hibernate ORM core version 6.4.4.Final
[2024-04-22 21:14:20] INFO  - HHH000026: Second-level cache disabled
[2024-04-22 21:14:20] INFO  - No LoadTimeWeaver setup: ignoring JPA class transformer
[2024-04-22 21:14:20] WARN  - HHH90000025: PostgreSQLDialect does not need to be specified explicitly using 'hibernate.dialect' (remove the property setting and it will be selected by default)
[2024-04-22 21:14:22] INFO  - HHH000489: No JTA platform available (set 'hibernate.transaction.jta.platform' to enable JTA platform integration)
[2024-04-22 21:14:22] INFO  - Initialized JPA EntityManagerFactory for persistence unit 'default'
[2024-04-22 21:14:23] INFO  - Hibernate is in classpath; If applicable, HQL parser will be used.
[2024-04-22 21:14:24] WARN  - spring.jpa.open-in-view is enabled by default. Therefore, database queries may be performed during view rendering. Explicitly configure spring.jpa.open-in-view to disable this warning
[2024-04-22 21:14:25] INFO  - Tomcat started on port 8080 (http) with context path ''
[2024-04-22 21:14:25] INFO  - Started CookbookApplication in 10.767 seconds (process running for 12.898)
[2024-04-22 21:15:23] INFO  - Initializing Spring DispatcherServlet 'dispatcherServlet'
[2024-04-22 21:15:23] INFO  - Initializing Servlet 'dispatcherServlet'
[2024-04-22 21:15:23] INFO  - Completed initialization in 4 ms
[2024-04-22 21:15:23] INFO  - Running method addNewIngredient with args [IngredientModel{id=0, name='cartoshka'}]
[2024-04-22 21:15:24] INFO  - Result of addNewIngredient: success 
[2024-04-22 21:15:24] INFO  - Running method addNewIngredient with args [IngredientModel{id=0, name='morkovka'}]
[2024-04-22 21:15:24] INFO  - Result of addNewIngredient: success 
[2024-04-22 21:15:24] INFO  - Running method addNewIngredient with args [IngredientModel{id=0, name='capusta'}]
[2024-04-22 21:15:24] INFO  - Result of addNewIngredient: success 
[2024-04-22 21:35:36] INFO  - Closing JPA EntityManagerFactory for persistence unit 'default'
[2024-04-22 21:35:36] INFO  - HikariPool-1 - Shutdown initiated...
[2024-04-22 21:35:36] INFO  - HikariPool-1 - Shutdown completed.
[2024-04-22 21:53:00] INFO  - Starting CookbookApplication using Java 21.0.2 with PID 16160 (D:\Projects\4sem\cookbook\target\classes started by daniqued in D:\Projects\4sem\cookbook)
[2024-04-22 21:53:00] INFO  - No active profile set, falling back to 1 default profile: "default"
[2024-04-22 21:53:00] INFO  - Bootstrapping Spring Data JPA repositories in DEFAULT mode.
[2024-04-22 21:53:00] INFO  - Finished Spring Data repository scanning in 52 ms. Found 3 JPA repository interfaces.
[2024-04-22 21:53:01] INFO  - Tomcat initialized with port 8080 (http)
[2024-04-22 21:53:01] INFO  - Starting service [Tomcat]
[2024-04-22 21:53:01] INFO  - Starting Servlet engine: [Apache Tomcat/10.1.19]
[2024-04-22 21:53:01] INFO  - Initializing Spring embedded WebApplicationContext
[2024-04-22 21:53:01] INFO  - Root WebApplicationContext: initialization completed in 1694 ms
[2024-04-22 21:53:01] INFO  - HikariPool-1 - Starting...
[2024-04-22 21:53:02] INFO  - HikariPool-1 - Added connection org.postgresql.jdbc.PgConnection@38159384
[2024-04-22 21:53:02] INFO  - HikariPool-1 - Start completed.
[2024-04-22 21:53:02] INFO  - HHH000204: Processing PersistenceUnitInfo [name: default]
[2024-04-22 21:53:02] INFO  - HHH000412: Hibernate ORM core version 6.4.4.Final
[2024-04-22 21:53:02] INFO  - HHH000026: Second-level cache disabled
[2024-04-22 21:53:02] INFO  - No LoadTimeWeaver setup: ignoring JPA class transformer
[2024-04-22 21:53:02] WARN  - HHH90000025: PostgreSQLDialect does not need to be specified explicitly using 'hibernate.dialect' (remove the property setting and it will be selected by default)
[2024-04-22 21:53:03] INFO  - HHH000489: No JTA platform available (set 'hibernate.transaction.jta.platform' to enable JTA platform integration)
[2024-04-22 21:53:03] INFO  - Initialized JPA EntityManagerFactory for persistence unit 'default'
[2024-04-22 21:53:04] INFO  - Hibernate is in classpath; If applicable, HQL parser will be used.
[2024-04-22 21:53:05] WARN  - spring.jpa.open-in-view is enabled by default. Therefore, database queries may be performed during view rendering. Explicitly configure spring.jpa.open-in-view to disable this warning
[2024-04-22 21:53:06] INFO  - Tomcat started on port 8080 (http) with context path ''
[2024-04-22 21:53:06] INFO  - Started CookbookApplication in 6.598 seconds (process running for 7.469)
[2024-04-22 21:53:06] INFO  - Closing JPA EntityManagerFactory for persistence unit 'default'
[2024-04-22 21:53:06] INFO  - HikariPool-1 - Shutdown initiated...
[2024-04-22 21:53:06] INFO  - HikariPool-1 - Shutdown completed.
